<?xml version="1.0" encoding="UTF-8"?>
<!-- Generated by org.testng.reporters.JUnitReportReporter -->
<testsuite hostname="DESKTOP-2RGVAU4" name="test.NewTest" tests="1" failures="0" timestamp="3 Aug 2019 08:38:59 GMT" time="5.581" errors="0">
  <testcase name="f" time="5.581" classname="test.NewTest"/>
</testsuite> <!-- test.NewTest -->
