<?xml version="1.0" encoding="UTF-8"?>
<!-- Generated by org.testng.reporters.JUnitReportReporter -->
<testsuite hostname="DESKTOP-2RGVAU4" name="test.NewTest2" tests="1" failures="0" timestamp="29 Jul 2019 16:57:39 GMT" time="8.056" errors="0">
  <testcase name="f2" time="8.056" classname="test.NewTest2"/>
</testsuite> <!-- test.NewTest2 -->
