<?xml version="1.0" encoding="UTF-8"?>
<!-- Generated by org.testng.reporters.JUnitReportReporter -->
<testsuite hostname="DESKTOP-2RGVAU4" name="test.ExtentReportWithTestNG" tests="2" failures="0" timestamp="3 Aug 2019 09:15:49 GMT" time="10.404" errors="0">
  <testcase name="test2" time="4.360" classname="test.ExtentReportWithTestNG"/>
  <testcase name="test1" time="6.044" classname="test.ExtentReportWithTestNG"/>
</testsuite> <!-- test.ExtentReportWithTestNG -->
